<?xml version="1.0" ?>
<testsuites failures="0" name="TestXML" tests="15" time="0">
	<testsuite name="BasicCSharpTest" failures="0"  tests="2" time="0">
		<testcase name="CSharpTestsWorking" time="0"></testcase>
		<testcase name="CSXharpTestsWorking" time="0"></testcase>
	</testsuite>

	<testsuite name="Given A Boolean Assertion" failures="0"  tests="2" time="0">
		<testcase name="TrueIsTrue" time="0"></testcase>
		<testcase name="FalseIsFalse" time="0"></testcase>
	</testsuite>

	<testsuite name="Given A Boolean Assertion (GDScript WATTest)" failures="0"  tests="4" time="0">
		<testcase name="True is true" time="0"></testcase>
		<testcase name=" False is false" time="0"></testcase>
		<testcase name=" Value is true" time="0"></testcase>
		<testcase name=" Value is true" time="0"></testcase>
	</testsuite>

	<testsuite name="Given an Equality Assertion" failures="0"  tests="7" time="0">
		<testcase name="WhenCallingIsEqual" time="0"></testcase>
		<testcase name="WhenCallingIsGreaterThan" time="0"></testcase>
		<testcase name="WhenCallingIsLessThan" time="0"></testcase>
		<testcase name="WhenCallingIsEqualOrGreaterThan" time="0"></testcase>
		<testcase name="WhenCallingIsEqualOrGreaterThanWithEqualValues" time="0"></testcase>
		<testcase name="WhenCallingIsEqualOrLessThanWithEqualValues" time="0"></testcase>
		<testcase name="WhenCallingIsNotEqual" time="0"></testcase>
	</testsuite>

	<testsuite name="FileTest" failures="0"  tests="3" time="0">
		<testcase name="ThisFileExists" time="0"></testcase>
		<testcase name="ImaginaryFileDoesNotExist" time="0"></testcase>
		<testcase name="EmptyPathDoesNotExist" time="0"></testcase>
	</testsuite>

	<testsuite name="Is Instance ( class / type ) Assertions" failures="0"  tests="19" time="0">
		<testcase name="IsAABB" time="0"></testcase>
		<testcase name="IsArray" time="0"></testcase>
		<testcase name="IsBasis" time="0"></testcase>
		<testcase name="IsBool" time="0"></testcase>
		<testcase name="IsColor" time="0"></testcase>
		<testcase name="IsDictionary" time="0"></testcase>
		<testcase name="IsFloat" time="0"></testcase>
		<testcase name="IsInt" time="0"></testcase>
		<testcase name="IsNodePath" time="0"></testcase>
		<testcase name="IsObject" time="0"></testcase>
		<testcase name="IsPlane" time="0"></testcase>
		<testcase name="IsQuat" time="0"></testcase>
		<testcase name="IsRect2" time="0"></testcase>
		<testcase name="IsRid" time="0"></testcase>
		<testcase name="IsString" time="0"></testcase>
		<testcase name="IsTransform" time="0"></testcase>
		<testcase name="IsTransform2D" time="0"></testcase>
		<testcase name="IsVector2" time="0"></testcase>
		<testcase name="IsVector3" time="0"></testcase>
	</testsuite>

	<testsuite name="IsNotInstanceTest" failures="0"  tests="19" time="0">
		<testcase name="IsNotAABB" time="0"></testcase>
		<testcase name="IsNotArray" time="0"></testcase>
		<testcase name="IsNotBasis" time="0"></testcase>
		<testcase name="IsNotBool" time="0"></testcase>
		<testcase name="IsNotColor" time="0"></testcase>
		<testcase name="IsNotDictionary" time="0"></testcase>
		<testcase name="IsNotFloat" time="0"></testcase>
		<testcase name="IsNotInt" time="0"></testcase>
		<testcase name="IsNotNodePath" time="0"></testcase>
		<testcase name="IsNotObject" time="0"></testcase>
		<testcase name="IsNotPlane" time="0"></testcase>
		<testcase name="IsNotQuat" time="0"></testcase>
		<testcase name="IsNotRect2" time="0"></testcase>
		<testcase name="IsNotRID" time="0"></testcase>
		<testcase name="IsNotString" time="0"></testcase>
		<testcase name="IsNotTransform" time="0"></testcase>
		<testcase name="IsNotTransform2D" time="0"></testcase>
		<testcase name="IsNotVector2" time="0"></testcase>
		<testcase name="IsNotVector3" time="0"></testcase>
	</testsuite>

	<testsuite name="NameSpaced" failures="0"  tests="1" time="0">
		<testcase name="x" time="0"></testcase>
	</testsuite>

	<testsuite name="Object Assertions" failures="0"  tests="14" time="0">
		<testcase name="WhenCallingHasMetaAfterAddingMetadata" time="0"></testcase>
		<testcase name="WhenCallingDoesNotHaveMeta" time="0"></testcase>
		<testcase name="WhenCallingDoesNotHaveMetalRealKeyButNullValue" time="0"></testcase>
		<testcase name="WhenCallingHasMethodTitle" time="0"></testcase>
		<testcase name="WhenCallingDoesNotHaveMethodFalseMethod" time="0"></testcase>
		<testcase name="WhenCallingHasUserSignalAfterAddingASignal" time="0"></testcase>
		<testcase name="WhenCallingDoesNotHaveUserSignal" time="0"></testcase>
		<testcase name="WhenCallingDoesNotHaveUserSignalWithClassSignalConstant" time="0"></testcase>
		<testcase name="WhenCallingObjectIsQueuedForDeletionAfterCallingQueueFree" time="0"></testcase>
		<testcase name="WhenCallingObjectIsNotQueuedForDeletionAfterNotCallingQueueFree" time="0"></testcase>
		<testcase name="WhenCallingObjIsConnectedWithARealConnection" time="0"></testcase>
		<testcase name="WhenCallingObjIsNotConnectedWithAnInvalidConnection" time="0"></testcase>
		<testcase name="TestIsBlockingSignals" time="0"></testcase>
		<testcase name="IsNotBlockingSignals" time="0"></testcase>
	</testsuite>

	<testsuite name="Given The Addition Operator (Parameter Tests)" failures="0"  tests="3" time="0">
		<testcase name="When we add 2 to 2 we get 4" time="0"></testcase>
		<testcase name="When we add 5 to 3 we get 8" time="0"></testcase>
		<testcase name="When we add 7 to 6 we get 13" time="0"></testcase>
	</testsuite>

	<testsuite name="Range Assertions" failures="0"  tests="2" time="0">
		<testcase name="WhenCallingIsInRange" time="0"></testcase>
		<testcase name="WhenCallingIsNotInRange" time="0"></testcase>
	</testsuite>

	<testsuite name="Recorder Test" failures="0"  tests="2" time="0">
		<testcase name="WhenAHeroIsPoisonedTheirHealthChangesOverTime" time="0"></testcase>
		<testcase name="WhenAHeroIsPoisonedTheirHealthIs0After100Cycles" time="0"></testcase>
	</testsuite>

	<testsuite name="Given A String Assertion" failures="0"  tests="6" time="0">
		<testcase name="WhenCallingStringBeginWith" time="0"></testcase>
		<testcase name="WhenCallingStringDoesNotBeginWith" time="0"></testcase>
		<testcase name="WhenCallingStringContains" time="0"></testcase>
		<testcase name="WhenCallingStringDoesNotContain" time="0"></testcase>
		<testcase name="WhenCallingStringEndsWith" time="0"></testcase>
		<testcase name="WhenCallingStringDoesNotEndWith" time="0"></testcase>
	</testsuite>

	<testsuite name="Given A Signal Watcher" failures="0"  tests="4" time="0">
		<testcase name="WhenWeWatchASignalFromAnObjectWithNoBoundVariables" time="0"></testcase>
		<testcase name="When we watch and emit a signal" time="0"></testcase>
		<testcase name="When we Watch and Do not Emit a Signal" time="0"></testcase>
		<testcase name="WhenWeWatchASignalAndEmitItMultipleTimes" time="0"></testcase>
	</testsuite>

	<testsuite name="Given a Yield" failures="0"  tests="10" time="0">
		<testcase name="TestWhenWeYieldInStart" time="0"></testcase>
		<testcase name="TestWhenWeYieldInPre" time="0"></testcase>
		<testcase name="TestWhenWeYieldInExecute" time="0"></testcase>
		<testcase name="YielderIsNotActiveWhenAsserting" time="0"></testcase>
		<testcase name="WhenTheYielderTimesOut" time="0"></testcase>
		<testcase name="WhenWeCallUntilTimeout" time="0"></testcase>
		<testcase name="WhenASignalBeingYieldedOnIsEmittedTheYielderIsStopped" time="0"></testcase>
		<testcase name="WhenYielderIsFinishedSignalsAreDisconnected" time="0"></testcase>
		<testcase name="WhenWeCallUntilSignal" time="0"></testcase>
		<testcase name="WhenTheYielderHearsOurSignal" time="0"></testcase>
	</testsuite>

</testsuites>